-- Install configuration: ""
-- Up-to-date: /home/aashini/ABN/install/robot/share/robot/launch
-- Installing: /home/aashini/ABN/install/robot/share/robot/launch/display.launch.py
-- Up-to-date: /home/aashini/ABN/install/robot/share/robot/launch/install
-- Up-to-date: /home/aashini/ABN/install/robot/share/robot/launch/install/local_setup.bash
-- Up-to-date: /home/aashini/ABN/install/robot/share/robot/launch/install/local_setup.zsh
-- Up-to-date: /home/aashini/ABN/install/robot/share/robot/launch/install/setup.sh
-- Up-to-date: /home/aashini/ABN/install/robot/share/robot/launch/install/setup.zsh
-- Up-to-date: /home/aashini/ABN/install/robot/share/robot/launch/install/COLCON_IGNORE
-- Up-to-date: /home/aashini/ABN/install/robot/share/robot/launch/install/setup.ps1
-- Up-to-date: /home/aashini/ABN/install/robot/share/robot/launch/install/local_setup.sh
-- Up-to-date: /home/aashini/ABN/install/robot/share/robot/launch/install/_local_setup_util_ps1.py
-- Up-to-date: /home/aashini/ABN/install/robot/share/robot/launch/install/_local_setup_util_sh.py
-- Up-to-date: /home/aashini/ABN/install/robot/share/robot/launch/install/local_setup.ps1
-- Up-to-date: /home/aashini/ABN/install/robot/share/robot/launch/install/.colcon_install_layout
-- Up-to-date: /home/aashini/ABN/install/robot/share/robot/launch/install/setup.bash
-- Up-to-date: /home/aashini/ABN/install/robot/share/robot/launch/gazebo_spawn.launch.py
-- Up-to-date: /home/aashini/ABN/install/robot/share/robot/launch/gazebo_launch.py
-- Up-to-date: /home/aashini/ABN/install/robot/share/robot/launch/build
-- Up-to-date: /home/aashini/ABN/install/robot/share/robot/launch/build/COLCON_IGNORE
-- Up-to-date: /home/aashini/ABN/install/robot/share/robot/launch/build/.built_by
-- Up-to-date: /home/aashini/ABN/install/robot/share/robot/launch/log
-- Up-to-date: /home/aashini/ABN/install/robot/share/robot/launch/log/COLCON_IGNORE
-- Up-to-date: /home/aashini/ABN/install/robot/share/robot/launch/log/latest_build
-- Up-to-date: /home/aashini/ABN/install/robot/share/robot/launch/log/build_2025-04-09_22-18-20
-- Up-to-date: /home/aashini/ABN/install/robot/share/robot/launch/log/build_2025-04-09_22-18-20/logger_all.log
-- Up-to-date: /home/aashini/ABN/install/robot/share/robot/launch/log/build_2025-04-09_22-18-20/events.log
-- Up-to-date: /home/aashini/ABN/install/robot/share/robot/launch/log/latest
-- Up-to-date: /home/aashini/ABN/install/robot/share/robot/launch/robot_visualization.py
-- Up-to-date: /home/aashini/ABN/install/robot/share/robot/urdf
-- Up-to-date: /home/aashini/ABN/install/robot/share/robot/urdf/robot.xacro
-- Up-to-date: /home/aashini/ABN/install/robot/share/robot/urdf/base_robot.xacro
-- Up-to-date: /home/aashini/ABN/install/robot/share/robot/urdf/abn_robot.urdf.xacro
-- Up-to-date: /home/aashini/ABN/install/robot/share/robot/urdf/robot.sdf
-- Up-to-date: /home/aashini/ABN/install/robot/share/robot/urdf/robot.urdf
-- Up-to-date: /home/aashini/ABN/install/robot/share/robot/mesh
-- Up-to-date: /home/aashini/ABN/install/robot/share/robot/mesh/hip.stl
-- Up-to-date: /home/aashini/ABN/install/robot/share/robot/mesh/assets
-- Up-to-date: /home/aashini/ABN/install/robot/share/robot/mesh/assets/part_19.part
-- Up-to-date: /home/aashini/ABN/install/robot/share/robot/mesh/assets/part_6__2.part:Zone.Identifier
-- Up-to-date: /home/aashini/ABN/install/robot/share/robot/mesh/assets/part_15.stl:Zone.Identifier
-- Up-to-date: /home/aashini/ABN/install/robot/share/robot/mesh/assets/part_8.stl
-- Up-to-date: /home/aashini/ABN/install/robot/share/robot/mesh/assets/part_1__4.part
-- Up-to-date: /home/aashini/ABN/install/robot/share/robot/mesh/assets/part_3.part
-- Up-to-date: /home/aashini/ABN/install/robot/share/robot/mesh/assets/part_3__4.stl:Zone.Identifier
-- Up-to-date: /home/aashini/ABN/install/robot/share/robot/mesh/assets/part_4__3.stl
-- Up-to-date: /home/aashini/ABN/install/robot/share/robot/mesh/assets/part_6.part:Zone.Identifier
-- Up-to-date: /home/aashini/ABN/install/robot/share/robot/mesh/assets/part_2__2.stl:Zone.Identifier
-- Up-to-date: /home/aashini/ABN/install/robot/share/robot/mesh/assets/part_12.part:Zone.Identifier
-- Up-to-date: /home/aashini/ABN/install/robot/share/robot/mesh/assets/part_6.part
-- Up-to-date: /home/aashini/ABN/install/robot/share/robot/mesh/assets/part_3__4.part:Zone.Identifier
-- Up-to-date: /home/aashini/ABN/install/robot/share/robot/mesh/assets/part_10__2.part:Zone.Identifier
-- Up-to-date: /home/aashini/ABN/install/robot/share/robot/mesh/assets/part_2__3.stl:Zone.Identifier
-- Up-to-date: /home/aashini/ABN/install/robot/share/robot/mesh/assets/part_2__4.part
-- Up-to-date: /home/aashini/ABN/install/robot/share/robot/mesh/assets/part_3__2.stl
-- Up-to-date: /home/aashini/ABN/install/robot/share/robot/mesh/assets/part_3__3.part
-- Up-to-date: /home/aashini/ABN/install/robot/share/robot/mesh/assets/part_3__2.part:Zone.Identifier
-- Up-to-date: /home/aashini/ABN/install/robot/share/robot/mesh/assets/part_2__4.stl
-- Up-to-date: /home/aashini/ABN/install/robot/share/robot/mesh/assets/part_1.stl
-- Up-to-date: /home/aashini/ABN/install/robot/share/robot/mesh/assets/part_5.part:Zone.Identifier
-- Up-to-date: /home/aashini/ABN/install/robot/share/robot/mesh/assets/part_17.stl:Zone.Identifier
-- Up-to-date: /home/aashini/ABN/install/robot/share/robot/mesh/assets/part_8.part:Zone.Identifier
-- Up-to-date: /home/aashini/ABN/install/robot/share/robot/mesh/assets/part_15.part:Zone.Identifier
-- Up-to-date: /home/aashini/ABN/install/robot/share/robot/mesh/assets/part_6__2.part
-- Up-to-date: /home/aashini/ABN/install/robot/share/robot/mesh/assets/part_11.part:Zone.Identifier
-- Up-to-date: /home/aashini/ABN/install/robot/share/robot/mesh/assets/part_20.part:Zone.Identifier
-- Up-to-date: /home/aashini/ABN/install/robot/share/robot/mesh/assets/part_9__2.part:Zone.Identifier
-- Up-to-date: /home/aashini/ABN/install/robot/share/robot/mesh/assets/part_7.stl:Zone.Identifier
-- Up-to-date: /home/aashini/ABN/install/robot/share/robot/mesh/assets/part_7.part
-- Up-to-date: /home/aashini/ABN/install/robot/share/robot/mesh/assets/part_1__4.stl
-- Up-to-date: /home/aashini/ABN/install/robot/share/robot/mesh/assets/part_11.stl:Zone.Identifier
-- Up-to-date: /home/aashini/ABN/install/robot/share/robot/mesh/assets/part_10.part
-- Up-to-date: /home/aashini/ABN/install/robot/share/robot/mesh/assets/part_19.stl:Zone.Identifier
-- Up-to-date: /home/aashini/ABN/install/robot/share/robot/mesh/assets/part_1__2.stl:Zone.Identifier
-- Up-to-date: /home/aashini/ABN/install/robot/share/robot/mesh/assets/part_9.part
-- Up-to-date: /home/aashini/ABN/install/robot/share/robot/mesh/assets/part_5.part
-- Up-to-date: /home/aashini/ABN/install/robot/share/robot/mesh/assets/part_10__2.stl
-- Up-to-date: /home/aashini/ABN/install/robot/share/robot/mesh/assets/part_5__2.stl
-- Up-to-date: /home/aashini/ABN/install/robot/share/robot/mesh/assets/part_9.stl:Zone.Identifier
-- Up-to-date: /home/aashini/ABN/install/robot/share/robot/mesh/assets/part_8.stl:Zone.Identifier
-- Up-to-date: /home/aashini/ABN/install/robot/share/robot/mesh/assets/part_7.stl
-- Up-to-date: /home/aashini/ABN/install/robot/share/robot/mesh/assets/part_3.part:Zone.Identifier
-- Up-to-date: /home/aashini/ABN/install/robot/share/robot/mesh/assets/part_3__2.stl:Zone.Identifier
-- Up-to-date: /home/aashini/ABN/install/robot/share/robot/mesh/assets/part_5__2.part
-- Up-to-date: /home/aashini/ABN/install/robot/share/robot/mesh/assets/part_13.part
-- Up-to-date: /home/aashini/ABN/install/robot/share/robot/mesh/assets/part_2__4.stl:Zone.Identifier
-- Up-to-date: /home/aashini/ABN/install/robot/share/robot/mesh/assets/part_1__4.part:Zone.Identifier
-- Up-to-date: /home/aashini/ABN/install/robot/share/robot/mesh/assets/part_8__2.part
-- Up-to-date: /home/aashini/ABN/install/robot/share/robot/mesh/assets/part_4__2.stl:Zone.Identifier
-- Up-to-date: /home/aashini/ABN/install/robot/share/robot/mesh/assets/part_3.stl:Zone.Identifier
-- Up-to-date: /home/aashini/ABN/install/robot/share/robot/mesh/assets/part_2.part:Zone.Identifier
-- Up-to-date: /home/aashini/ABN/install/robot/share/robot/mesh/assets/part_13.part:Zone.Identifier
-- Up-to-date: /home/aashini/ABN/install/robot/share/robot/mesh/assets/part_17.part
-- Up-to-date: /home/aashini/ABN/install/robot/share/robot/mesh/assets/part_12.stl:Zone.Identifier
-- Up-to-date: /home/aashini/ABN/install/robot/share/robot/mesh/assets/part_6.stl
-- Up-to-date: /home/aashini/ABN/install/robot/share/robot/mesh/assets/part_9.part:Zone.Identifier
-- Up-to-date: /home/aashini/ABN/install/robot/share/robot/mesh/assets/part_4.stl
-- Up-to-date: /home/aashini/ABN/install/robot/share/robot/mesh/assets/part_10.stl
-- Up-to-date: /home/aashini/ABN/install/robot/share/robot/mesh/assets/part_20.stl
-- Up-to-date: /home/aashini/ABN/install/robot/share/robot/mesh/assets/part_4__3.part
-- Up-to-date: /home/aashini/ABN/install/robot/share/robot/mesh/assets/part_6__2.stl
-- Up-to-date: /home/aashini/ABN/install/robot/share/robot/mesh/assets/part_7.part:Zone.Identifier
-- Up-to-date: /home/aashini/ABN/install/robot/share/robot/mesh/assets/part_9.stl
-- Up-to-date: /home/aashini/ABN/install/robot/share/robot/mesh/assets/part_9__2.stl:Zone.Identifier
-- Up-to-date: /home/aashini/ABN/install/robot/share/robot/mesh/assets/part_1__3.part:Zone.Identifier
-- Up-to-date: /home/aashini/ABN/install/robot/share/robot/mesh/assets/part_4.part
-- Up-to-date: /home/aashini/ABN/install/robot/share/robot/mesh/assets/part_1.part
-- Up-to-date: /home/aashini/ABN/install/robot/share/robot/mesh/assets/part_18.stl
-- Up-to-date: /home/aashini/ABN/install/robot/share/robot/mesh/assets/part_13.stl:Zone.Identifier
-- Up-to-date: /home/aashini/ABN/install/robot/share/robot/mesh/assets/part_7__2.part
-- Up-to-date: /home/aashini/ABN/install/robot/share/robot/mesh/assets/part_4__2.part:Zone.Identifier
-- Up-to-date: /home/aashini/ABN/install/robot/share/robot/mesh/assets/part_1.stl:Zone.Identifier
-- Up-to-date: /home/aashini/ABN/install/robot/share/robot/mesh/assets/part_1__2.part:Zone.Identifier
-- Up-to-date: /home/aashini/ABN/install/robot/share/robot/mesh/assets/part_7__2.stl
-- Up-to-date: /home/aashini/ABN/install/robot/share/robot/mesh/assets/part_8.part
-- Up-to-date: /home/aashini/ABN/install/robot/share/robot/mesh/assets/part_4__3.stl:Zone.Identifier
-- Up-to-date: /home/aashini/ABN/install/robot/share/robot/mesh/assets/part_10.stl:Zone.Identifier
-- Up-to-date: /home/aashini/ABN/install/robot/share/robot/mesh/assets/part_3__3.stl
-- Up-to-date: /home/aashini/ABN/install/robot/share/robot/mesh/assets/part_2__4.part:Zone.Identifier
-- Up-to-date: /home/aashini/ABN/install/robot/share/robot/mesh/assets/part_8__2.stl:Zone.Identifier
-- Up-to-date: /home/aashini/ABN/install/robot/share/robot/mesh/assets/part_3__2.part
-- Up-to-date: /home/aashini/ABN/install/robot/share/robot/mesh/assets/part_13.stl
-- Up-to-date: /home/aashini/ABN/install/robot/share/robot/mesh/assets/part_20.stl:Zone.Identifier
-- Up-to-date: /home/aashini/ABN/install/robot/share/robot/mesh/assets/part_19.part:Zone.Identifier
-- Up-to-date: /home/aashini/ABN/install/robot/share/robot/mesh/assets/part_19.stl
-- Up-to-date: /home/aashini/ABN/install/robot/share/robot/mesh/assets/part_8__2.stl
-- Up-to-date: /home/aashini/ABN/install/robot/share/robot/mesh/assets/part_17.part:Zone.Identifier
-- Up-to-date: /home/aashini/ABN/install/robot/share/robot/mesh/assets/part_14.part
-- Up-to-date: /home/aashini/ABN/install/robot/share/robot/mesh/assets/part_6.stl:Zone.Identifier
-- Up-to-date: /home/aashini/ABN/install/robot/share/robot/mesh/assets/part_1__3.stl
-- Up-to-date: /home/aashini/ABN/install/robot/share/robot/mesh/assets/part_4__2.part
-- Up-to-date: /home/aashini/ABN/install/robot/share/robot/mesh/assets/part_2__2.part:Zone.Identifier
-- Up-to-date: /home/aashini/ABN/install/robot/share/robot/mesh/assets/part_2__2.part
-- Up-to-date: /home/aashini/ABN/install/robot/share/robot/mesh/assets/part_14.stl:Zone.Identifier
-- Up-to-date: /home/aashini/ABN/install/robot/share/robot/mesh/assets/part_16.stl:Zone.Identifier
-- Up-to-date: /home/aashini/ABN/install/robot/share/robot/mesh/assets/part_10__2.part
-- Up-to-date: /home/aashini/ABN/install/robot/share/robot/mesh/assets/part_2__3.part:Zone.Identifier
-- Up-to-date: /home/aashini/ABN/install/robot/share/robot/mesh/assets/part_2__3.stl
-- Up-to-date: /home/aashini/ABN/install/robot/share/robot/mesh/assets/part_11.stl
-- Up-to-date: /home/aashini/ABN/install/robot/share/robot/mesh/assets/part_14.part:Zone.Identifier
-- Up-to-date: /home/aashini/ABN/install/robot/share/robot/mesh/assets/part_2__3.part
-- Up-to-date: /home/aashini/ABN/install/robot/share/robot/mesh/assets/part_16.stl
-- Up-to-date: /home/aashini/ABN/install/robot/share/robot/mesh/assets/part_5.stl
-- Up-to-date: /home/aashini/ABN/install/robot/share/robot/mesh/assets/part_4__3.part:Zone.Identifier
-- Up-to-date: /home/aashini/ABN/install/robot/share/robot/mesh/assets/part_1__2.part
-- Up-to-date: /home/aashini/ABN/install/robot/share/robot/mesh/assets/part_1__3.stl:Zone.Identifier
-- Up-to-date: /home/aashini/ABN/install/robot/share/robot/mesh/assets/part_6__2.stl:Zone.Identifier
-- Up-to-date: /home/aashini/ABN/install/robot/share/robot/mesh/assets/part_3__3.part:Zone.Identifier
-- Up-to-date: /home/aashini/ABN/install/robot/share/robot/mesh/assets/part_5__2.part:Zone.Identifier
-- Up-to-date: /home/aashini/ABN/install/robot/share/robot/mesh/assets/part_16.part
-- Up-to-date: /home/aashini/ABN/install/robot/share/robot/mesh/assets/part_18.part:Zone.Identifier
-- Up-to-date: /home/aashini/ABN/install/robot/share/robot/mesh/assets/part_1__4.stl:Zone.Identifier
-- Up-to-date: /home/aashini/ABN/install/robot/share/robot/mesh/assets/part_2.stl:Zone.Identifier
-- Up-to-date: /home/aashini/ABN/install/robot/share/robot/mesh/assets/part_7__2.stl:Zone.Identifier
-- Up-to-date: /home/aashini/ABN/install/robot/share/robot/mesh/assets/part_9__2.part
-- Up-to-date: /home/aashini/ABN/install/robot/share/robot/mesh/assets/part_5__2.stl:Zone.Identifier
-- Up-to-date: /home/aashini/ABN/install/robot/share/robot/mesh/assets/part_15.stl
-- Up-to-date: /home/aashini/ABN/install/robot/share/robot/mesh/assets/part_7__2.part:Zone.Identifier
-- Up-to-date: /home/aashini/ABN/install/robot/share/robot/mesh/assets/part_4.stl:Zone.Identifier
-- Up-to-date: /home/aashini/ABN/install/robot/share/robot/mesh/assets/part_18.stl:Zone.Identifier
-- Up-to-date: /home/aashini/ABN/install/robot/share/robot/mesh/assets/part_2.part
-- Up-to-date: /home/aashini/ABN/install/robot/share/robot/mesh/assets/part_14.stl
-- Up-to-date: /home/aashini/ABN/install/robot/share/robot/mesh/assets/part_20.part
-- Up-to-date: /home/aashini/ABN/install/robot/share/robot/mesh/assets/part_11.part
-- Up-to-date: /home/aashini/ABN/install/robot/share/robot/mesh/assets/part_1.part:Zone.Identifier
-- Up-to-date: /home/aashini/ABN/install/robot/share/robot/mesh/assets/part_12.part
-- Up-to-date: /home/aashini/ABN/install/robot/share/robot/mesh/assets/part_2__2.stl
-- Up-to-date: /home/aashini/ABN/install/robot/share/robot/mesh/assets/part_4.part:Zone.Identifier
-- Up-to-date: /home/aashini/ABN/install/robot/share/robot/mesh/assets/part_3__3.stl:Zone.Identifier
-- Up-to-date: /home/aashini/ABN/install/robot/share/robot/mesh/assets/part_8__2.part:Zone.Identifier
-- Up-to-date: /home/aashini/ABN/install/robot/share/robot/mesh/assets/part_10.part:Zone.Identifier
-- Up-to-date: /home/aashini/ABN/install/robot/share/robot/mesh/assets/part_3__4.part
-- Up-to-date: /home/aashini/ABN/install/robot/share/robot/mesh/assets/part_15.part
-- Up-to-date: /home/aashini/ABN/install/robot/share/robot/mesh/assets/part_3__4.stl
-- Up-to-date: /home/aashini/ABN/install/robot/share/robot/mesh/assets/part_16.part:Zone.Identifier
-- Up-to-date: /home/aashini/ABN/install/robot/share/robot/mesh/assets/part_2.stl
-- Up-to-date: /home/aashini/ABN/install/robot/share/robot/mesh/assets/part_1__2.stl
-- Up-to-date: /home/aashini/ABN/install/robot/share/robot/mesh/assets/part_10__2.stl:Zone.Identifier
-- Up-to-date: /home/aashini/ABN/install/robot/share/robot/mesh/assets/part_12.stl
-- Up-to-date: /home/aashini/ABN/install/robot/share/robot/mesh/assets/part_17.stl
-- Up-to-date: /home/aashini/ABN/install/robot/share/robot/mesh/assets/part_9__2.stl
-- Up-to-date: /home/aashini/ABN/install/robot/share/robot/mesh/assets/part_5.stl:Zone.Identifier
-- Up-to-date: /home/aashini/ABN/install/robot/share/robot/mesh/assets/part_18.part
-- Up-to-date: /home/aashini/ABN/install/robot/share/robot/mesh/assets/part_4__2.stl
-- Up-to-date: /home/aashini/ABN/install/robot/share/robot/mesh/assets/part_1__3.part
-- Up-to-date: /home/aashini/ABN/install/robot/share/robot/mesh/assets/part_3.stl
-- Up-to-date: /home/aashini/ABN/install/robot/share/robot/mesh/foot.stl
-- Up-to-date: /home/aashini/ABN/install/robot/share/robot/mesh/thigh_r.stl
-- Up-to-date: /home/aashini/ABN/install/robot/share/robot/mesh/base.stl
-- Up-to-date: /home/aashini/ABN/install/robot/share/robot/mesh/thigh.stl
-- Up-to-date: /home/aashini/ABN/install/robot/share/robot/mesh/log
-- Up-to-date: /home/aashini/ABN/install/robot/share/robot/mesh/log/latest
-- Up-to-date: /home/aashini/ABN/install/robot/share/robot/mesh/calf_r.stl
-- Up-to-date: /home/aashini/ABN/install/robot/share/robot/mesh/base.step
-- Up-to-date: /home/aashini/ABN/install/robot/share/robot/mesh/calf.stl
-- Up-to-date: /home/aashini/ABN/install/robot/share/robot/dae
-- Up-to-date: /home/aashini/ABN/install/robot/share/robot/dae/calf.dae
-- Up-to-date: /home/aashini/ABN/install/robot/share/robot/dae/calf_mirror.dae
-- Up-to-date: /home/aashini/ABN/install/robot/share/robot/dae/base.dae
-- Up-to-date: /home/aashini/ABN/install/robot/share/robot/dae/foot.dae
-- Up-to-date: /home/aashini/ABN/install/robot/share/robot/dae/hip.dae
-- Up-to-date: /home/aashini/ABN/install/robot/share/robot/dae/thigh_mirror.dae
-- Up-to-date: /home/aashini/ABN/install/robot/share/robot/dae/thigh.dae
-- Up-to-date: /home/aashini/ABN/install/robot/share/ament_index/resource_index/package_run_dependencies/robot
-- Up-to-date: /home/aashini/ABN/install/robot/share/ament_index/resource_index/parent_prefix_path/robot
-- Up-to-date: /home/aashini/ABN/install/robot/share/robot/environment/ament_prefix_path.sh
-- Up-to-date: /home/aashini/ABN/install/robot/share/robot/environment/ament_prefix_path.dsv
-- Up-to-date: /home/aashini/ABN/install/robot/share/robot/environment/path.sh
-- Up-to-date: /home/aashini/ABN/install/robot/share/robot/environment/path.dsv
-- Up-to-date: /home/aashini/ABN/install/robot/share/robot/local_setup.bash
-- Up-to-date: /home/aashini/ABN/install/robot/share/robot/local_setup.sh
-- Up-to-date: /home/aashini/ABN/install/robot/share/robot/local_setup.zsh
-- Up-to-date: /home/aashini/ABN/install/robot/share/robot/local_setup.dsv
-- Up-to-date: /home/aashini/ABN/install/robot/share/robot/package.dsv
-- Up-to-date: /home/aashini/ABN/install/robot/share/ament_index/resource_index/packages/robot
-- Up-to-date: /home/aashini/ABN/install/robot/share/robot/cmake/robotConfig.cmake
-- Up-to-date: /home/aashini/ABN/install/robot/share/robot/cmake/robotConfig-version.cmake
-- Up-to-date: /home/aashini/ABN/install/robot/share/robot/package.xml
