[0.167s] Invoking command in '/home/aashini/ABN/build/robot': CMAKE_PREFIX_PATH=${CMAKE_PREFIX_PATH}:/opt/ros/foxy PS1=\[\e]0;\u@\h: \w\a\]${debian_chroot:+($debian_chroot)}\[\033[01;32m\]\u@\h\[\033[00m\]:\[\033[01;34m\]\w\[\033[00m\]\$ /usr/bin/cmake --build /home/aashini/ABN/build/robot -- -j16 -l16
[0.289s] Invoked command in '/home/aashini/ABN/build/robot' returned '0': CMAKE_PREFIX_PATH=${CMAKE_PREFIX_PATH}:/opt/ros/foxy PS1=\[\e]0;\u@\h: \w\a\]${debian_chroot:+($debian_chroot)}\[\033[01;32m\]\u@\h\[\033[00m\]:\[\033[01;34m\]\w\[\033[00m\]\$ /usr/bin/cmake --build /home/aashini/ABN/build/robot -- -j16 -l16
[0.302s] Invoking command in '/home/aashini/ABN/build/robot': CMAKE_PREFIX_PATH=${CMAKE_PREFIX_PATH}:/opt/ros/foxy PS1=\[\e]0;\u@\h: \w\a\]${debian_chroot:+($debian_chroot)}\[\033[01;32m\]\u@\h\[\033[00m\]:\[\033[01;34m\]\w\[\033[00m\]\$ /usr/bin/cmake --install /home/aashini/ABN/build/robot
[0.311s] -- Install configuration: ""
[0.311s] -- Up-to-date: /home/aashini/ABN/install/robot/share/robot/launch
[0.311s] -- Up-to-date: /home/aashini/ABN/install/robot/share/robot/launch/display.launch.py
[0.311s] -- Up-to-date: /home/aashini/ABN/install/robot/share/robot/launch/install
[0.312s] -- Up-to-date: /home/aashini/ABN/install/robot/share/robot/launch/install/local_setup.bash
[0.312s] -- Up-to-date: /home/aashini/ABN/install/robot/share/robot/launch/install/local_setup.zsh
[0.312s] -- Up-to-date: /home/aashini/ABN/install/robot/share/robot/launch/install/setup.sh
[0.313s] -- Up-to-date: /home/aashini/ABN/install/robot/share/robot/launch/install/setup.zsh
[0.313s] -- Up-to-date: /home/aashini/ABN/install/robot/share/robot/launch/install/COLCON_IGNORE
[0.313s] -- Up-to-date: /home/aashini/ABN/install/robot/share/robot/launch/install/setup.ps1
[0.313s] -- Up-to-date: /home/aashini/ABN/install/robot/share/robot/launch/install/local_setup.sh
[0.313s] -- Up-to-date: /home/aashini/ABN/install/robot/share/robot/launch/install/_local_setup_util_ps1.py
[0.313s] -- Up-to-date: /home/aashini/ABN/install/robot/share/robot/launch/install/_local_setup_util_sh.py
[0.313s] -- Up-to-date: /home/aashini/ABN/install/robot/share/robot/launch/install/local_setup.ps1
[0.313s] -- Up-to-date: /home/aashini/ABN/install/robot/share/robot/launch/install/.colcon_install_layout
[0.314s] -- Up-to-date: /home/aashini/ABN/install/robot/share/robot/launch/install/setup.bash
[0.314s] -- Up-to-date: /home/aashini/ABN/install/robot/share/robot/launch/gazebo_spawn.launch.py
[0.314s] -- Up-to-date: /home/aashini/ABN/install/robot/share/robot/launch/gazebo_launch.py
[0.314s] -- Up-to-date: /home/aashini/ABN/install/robot/share/robot/launch/build
[0.314s] -- Up-to-date: /home/aashini/ABN/install/robot/share/robot/launch/build/COLCON_IGNORE
[0.314s] -- Up-to-date: /home/aashini/ABN/install/robot/share/robot/launch/build/.built_by
[0.314s] -- Up-to-date: /home/aashini/ABN/install/robot/share/robot/launch/log
[0.314s] -- Up-to-date: /home/aashini/ABN/install/robot/share/robot/launch/log/COLCON_IGNORE
[0.314s] -- Up-to-date: /home/aashini/ABN/install/robot/share/robot/launch/log/latest_build
[0.315s] -- Up-to-date: /home/aashini/ABN/install/robot/share/robot/launch/log/build_2025-04-09_22-18-20
[0.315s] -- Up-to-date: /home/aashini/ABN/install/robot/share/robot/launch/log/build_2025-04-09_22-18-20/logger_all.log
[0.315s] -- Up-to-date: /home/aashini/ABN/install/robot/share/robot/launch/log/build_2025-04-09_22-18-20/events.log
[0.315s] -- Up-to-date: /home/aashini/ABN/install/robot/share/robot/launch/log/latest
[0.315s] -- Up-to-date: /home/aashini/ABN/install/robot/share/robot/launch/robot_visualization.py
[0.315s] -- Up-to-date: /home/aashini/ABN/install/robot/share/robot/urdf
[0.315s] -- Up-to-date: /home/aashini/ABN/install/robot/share/robot/urdf/robot.xacro
[0.316s] -- Up-to-date: /home/aashini/ABN/install/robot/share/robot/urdf/base_robot.xacro
[0.316s] -- Up-to-date: /home/aashini/ABN/install/robot/share/robot/urdf/abn_robot.urdf.xacro
[0.316s] -- Up-to-date: /home/aashini/ABN/install/robot/share/robot/urdf/robot.sdf
[0.316s] -- Up-to-date: /home/aashini/ABN/install/robot/share/robot/urdf/robot.urdf
[0.316s] -- Up-to-date: /home/aashini/ABN/install/robot/share/robot/mesh
[0.316s] -- Up-to-date: /home/aashini/ABN/install/robot/share/robot/mesh/assets
[0.316s] -- Up-to-date: /home/aashini/ABN/install/robot/share/robot/mesh/assets/part_6__2.part:Zone.Identifier
[0.316s] -- Up-to-date: /home/aashini/ABN/install/robot/share/robot/mesh/assets/part_15.stl:Zone.Identifier
[0.316s] -- Up-to-date: /home/aashini/ABN/install/robot/share/robot/mesh/assets/part_8.stl
[0.316s] -- Up-to-date: /home/aashini/ABN/install/robot/share/robot/mesh/assets/part_3.part
[0.316s] -- Up-to-date: /home/aashini/ABN/install/robot/share/robot/mesh/assets/part_4__3.stl
[0.316s] -- Up-to-date: /home/aashini/ABN/install/robot/share/robot/mesh/assets/part_6.part:Zone.Identifier
[0.316s] -- Up-to-date: /home/aashini/ABN/install/robot/share/robot/mesh/assets/part_2__2.stl:Zone.Identifier
[0.317s] -- Up-to-date: /home/aashini/ABN/install/robot/share/robot/mesh/assets/part_6.part
[0.317s] -- Up-to-date: /home/aashini/ABN/install/robot/share/robot/mesh/assets/part_3__2.stl
[0.317s] -- Up-to-date: /home/aashini/ABN/install/robot/share/robot/mesh/assets/part_3__2.part:Zone.Identifier
[0.317s] -- Up-to-date: /home/aashini/ABN/install/robot/share/robot/mesh/assets/part_1.stl
[0.318s] -- Up-to-date: /home/aashini/ABN/install/robot/share/robot/mesh/assets/part_5.part:Zone.Identifier
[0.318s] -- Up-to-date: /home/aashini/ABN/install/robot/share/robot/mesh/assets/part_8.part:Zone.Identifier
[0.318s] -- Up-to-date: /home/aashini/ABN/install/robot/share/robot/mesh/assets/part_15.part:Zone.Identifier
[0.318s] -- Up-to-date: /home/aashini/ABN/install/robot/share/robot/mesh/assets/part_6__2.part
[0.318s] -- Up-to-date: /home/aashini/ABN/install/robot/share/robot/mesh/assets/part_11.part:Zone.Identifier
[0.318s] -- Up-to-date: /home/aashini/ABN/install/robot/share/robot/mesh/assets/part_7.stl:Zone.Identifier
[0.318s] -- Up-to-date: /home/aashini/ABN/install/robot/share/robot/mesh/assets/part_7.part
[0.318s] -- Up-to-date: /home/aashini/ABN/install/robot/share/robot/mesh/assets/part_11.stl:Zone.Identifier
[0.318s] -- Up-to-date: /home/aashini/ABN/install/robot/share/robot/mesh/assets/part_9.part
[0.318s] -- Up-to-date: /home/aashini/ABN/install/robot/share/robot/mesh/assets/part_5.part
[0.318s] -- Up-to-date: /home/aashini/ABN/install/robot/share/robot/mesh/assets/part_5__2.stl
[0.318s] -- Up-to-date: /home/aashini/ABN/install/robot/share/robot/mesh/assets/part_9.stl:Zone.Identifier
[0.318s] -- Up-to-date: /home/aashini/ABN/install/robot/share/robot/mesh/assets/part_8.stl:Zone.Identifier
[0.319s] -- Up-to-date: /home/aashini/ABN/install/robot/share/robot/mesh/assets/part_7.stl
[0.319s] -- Up-to-date: /home/aashini/ABN/install/robot/share/robot/mesh/assets/part_3.part:Zone.Identifier
[0.319s] -- Up-to-date: /home/aashini/ABN/install/robot/share/robot/mesh/assets/part_3__2.stl:Zone.Identifier
[0.319s] -- Up-to-date: /home/aashini/ABN/install/robot/share/robot/mesh/assets/part_5__2.part
[0.319s] -- Up-to-date: /home/aashini/ABN/install/robot/share/robot/mesh/assets/part_13.part
[0.319s] -- Up-to-date: /home/aashini/ABN/install/robot/share/robot/mesh/assets/part_5__3.stl
[0.319s] -- Up-to-date: /home/aashini/ABN/install/robot/share/robot/mesh/assets/part_4__2.stl:Zone.Identifier
[0.319s] -- Up-to-date: /home/aashini/ABN/install/robot/share/robot/mesh/assets/part_3.stl:Zone.Identifier
[0.319s] -- Up-to-date: /home/aashini/ABN/install/robot/share/robot/mesh/assets/part_2.part:Zone.Identifier
[0.319s] -- Up-to-date: /home/aashini/ABN/install/robot/share/robot/mesh/assets/part_13.part:Zone.Identifier
[0.319s] -- Up-to-date: /home/aashini/ABN/install/robot/share/robot/mesh/assets/part_6.stl
[0.319s] -- Up-to-date: /home/aashini/ABN/install/robot/share/robot/mesh/assets/part_9.part:Zone.Identifier
[0.319s] -- Up-to-date: /home/aashini/ABN/install/robot/share/robot/mesh/assets/part_4.stl
[0.320s] -- Up-to-date: /home/aashini/ABN/install/robot/share/robot/mesh/assets/part_4__3.part
[0.320s] -- Up-to-date: /home/aashini/ABN/install/robot/share/robot/mesh/assets/part_6__2.stl
[0.320s] -- Up-to-date: /home/aashini/ABN/install/robot/share/robot/mesh/assets/part_7.part:Zone.Identifier
[0.320s] -- Up-to-date: /home/aashini/ABN/install/robot/share/robot/mesh/assets/part_9.stl
[0.320s] -- Up-to-date: /home/aashini/ABN/install/robot/share/robot/mesh/assets/part_4.part
[0.320s] -- Up-to-date: /home/aashini/ABN/install/robot/share/robot/mesh/assets/part_1.part
[0.320s] -- Up-to-date: /home/aashini/ABN/install/robot/share/robot/mesh/assets/part_13.stl:Zone.Identifier
[0.321s] -- Up-to-date: /home/aashini/ABN/install/robot/share/robot/mesh/assets/part_7__2.part
[0.321s] -- Up-to-date: /home/aashini/ABN/install/robot/share/robot/mesh/assets/part_4__2.part:Zone.Identifier
[0.321s] -- Up-to-date: /home/aashini/ABN/install/robot/share/robot/mesh/assets/part_1.stl:Zone.Identifier
[0.321s] -- Up-to-date: /home/aashini/ABN/install/robot/share/robot/mesh/assets/part_7__2.stl
[0.321s] -- Up-to-date: /home/aashini/ABN/install/robot/share/robot/mesh/assets/part_8.part
[0.321s] -- Up-to-date: /home/aashini/ABN/install/robot/share/robot/mesh/assets/part_4__3.stl:Zone.Identifier
[0.321s] -- Up-to-date: /home/aashini/ABN/install/robot/share/robot/mesh/assets/part_3__2.part
[0.321s] -- Up-to-date: /home/aashini/ABN/install/robot/share/robot/mesh/assets/part_13.stl
[0.321s] -- Up-to-date: /home/aashini/ABN/install/robot/share/robot/mesh/assets/part_6__3.part:Zone.Identifier
[0.321s] -- Up-to-date: /home/aashini/ABN/install/robot/share/robot/mesh/assets/part_14.part
[0.321s] -- Up-to-date: /home/aashini/ABN/install/robot/share/robot/mesh/assets/part_6.stl:Zone.Identifier
[0.321s] -- Up-to-date: /home/aashini/ABN/install/robot/share/robot/mesh/assets/part_4__2.part
[0.321s] -- Up-to-date: /home/aashini/ABN/install/robot/share/robot/mesh/assets/part_2__2.part:Zone.Identifier
[0.321s] -- Up-to-date: /home/aashini/ABN/install/robot/share/robot/mesh/assets/part_2__2.part
[0.321s] -- Up-to-date: /home/aashini/ABN/install/robot/share/robot/mesh/assets/part_14.stl:Zone.Identifier
[0.321s] -- Up-to-date: /home/aashini/ABN/install/robot/share/robot/mesh/assets/part_11.stl
[0.321s] -- Up-to-date: /home/aashini/ABN/install/robot/share/robot/mesh/assets/part_14.part:Zone.Identifier
[0.321s] -- Up-to-date: /home/aashini/ABN/install/robot/share/robot/mesh/assets/part_6__3.stl:Zone.Identifier
[0.321s] -- Up-to-date: /home/aashini/ABN/install/robot/share/robot/mesh/assets/part_5.stl
[0.321s] -- Up-to-date: /home/aashini/ABN/install/robot/share/robot/mesh/assets/part_4__3.part:Zone.Identifier
[0.321s] -- Up-to-date: /home/aashini/ABN/install/robot/share/robot/mesh/assets/part_6__2.stl:Zone.Identifier
[0.321s] -- Up-to-date: /home/aashini/ABN/install/robot/share/robot/mesh/assets/part_5__2.part:Zone.Identifier
[0.322s] -- Up-to-date: /home/aashini/ABN/install/robot/share/robot/mesh/assets/part_2.stl:Zone.Identifier
[0.322s] -- Up-to-date: /home/aashini/ABN/install/robot/share/robot/mesh/assets/part_7__2.stl:Zone.Identifier
[0.322s] -- Up-to-date: /home/aashini/ABN/install/robot/share/robot/mesh/assets/part_5__2.stl:Zone.Identifier
[0.322s] -- Up-to-date: /home/aashini/ABN/install/robot/share/robot/mesh/assets/part_15.stl
[0.323s] -- Up-to-date: /home/aashini/ABN/install/robot/share/robot/mesh/assets/part_7__2.part:Zone.Identifier
[0.324s] -- Up-to-date: /home/aashini/ABN/install/robot/share/robot/mesh/assets/part_4.stl:Zone.Identifier
[0.324s] -- Up-to-date: /home/aashini/ABN/install/robot/share/robot/mesh/assets/part_2.part
[0.324s] -- Up-to-date: /home/aashini/ABN/install/robot/share/robot/mesh/assets/part_6__3.part
[0.324s] -- Up-to-date: /home/aashini/ABN/install/robot/share/robot/mesh/assets/part_14.stl
[0.325s] -- Up-to-date: /home/aashini/ABN/install/robot/share/robot/mesh/assets/part_11.part
[0.325s] -- Up-to-date: /home/aashini/ABN/install/robot/share/robot/mesh/assets/part_1.part:Zone.Identifier
[0.325s] -- Up-to-date: /home/aashini/ABN/install/robot/share/robot/mesh/assets/part_6__3.stl
[0.325s] -- Up-to-date: /home/aashini/ABN/install/robot/share/robot/mesh/assets/part_5__3.part:Zone.Identifier
[0.327s] -- Up-to-date: /home/aashini/ABN/install/robot/share/robot/mesh/assets/part_2__2.stl
[0.327s] -- Up-to-date: /home/aashini/ABN/install/robot/share/robot/mesh/assets/part_4.part:Zone.Identifier
[0.327s] -- Up-to-date: /home/aashini/ABN/install/robot/share/robot/mesh/assets/part_15.part
[0.327s] -- Up-to-date: /home/aashini/ABN/install/robot/share/robot/mesh/assets/part_2.stl
[0.328s] -- Up-to-date: /home/aashini/ABN/install/robot/share/robot/mesh/assets/part_5__3.part
[0.328s] -- Up-to-date: /home/aashini/ABN/install/robot/share/robot/mesh/assets/part_5.stl:Zone.Identifier
[0.328s] -- Up-to-date: /home/aashini/ABN/install/robot/share/robot/mesh/assets/part_4__2.stl
[0.328s] -- Up-to-date: /home/aashini/ABN/install/robot/share/robot/mesh/assets/part_5__3.stl:Zone.Identifier
[0.328s] -- Up-to-date: /home/aashini/ABN/install/robot/share/robot/mesh/assets/part_3.stl
[0.328s] -- Up-to-date: /home/aashini/ABN/install/robot/share/robot/mesh/config.json:Zone.Identifier
[0.328s] -- Up-to-date: /home/aashini/ABN/install/robot/share/robot/mesh/robot.urdf:Zone.Identifier
[0.328s] -- Up-to-date: /home/aashini/ABN/install/robot/share/robot/mesh/robot.sdf
[0.328s] -- Up-to-date: /home/aashini/ABN/install/robot/share/robot/mesh/robot.urdf
[0.328s] -- Up-to-date: /home/aashini/ABN/install/robot/share/robot/mesh/config.json
[0.328s] -- Up-to-date: /home/aashini/ABN/install/robot/share/robot/dae
[0.328s] -- Up-to-date: /home/aashini/ABN/install/robot/share/robot/dae/calf.dae
[0.328s] -- Up-to-date: /home/aashini/ABN/install/robot/share/robot/dae/calf_mirror.dae
[0.328s] -- Up-to-date: /home/aashini/ABN/install/robot/share/robot/dae/base.dae
[0.328s] -- Up-to-date: /home/aashini/ABN/install/robot/share/robot/dae/foot.dae
[0.328s] -- Up-to-date: /home/aashini/ABN/install/robot/share/robot/dae/hip.dae
[0.328s] -- Up-to-date: /home/aashini/ABN/install/robot/share/robot/dae/thigh_mirror.dae
[0.328s] -- Up-to-date: /home/aashini/ABN/install/robot/share/robot/dae/thigh.dae
[0.328s] -- Up-to-date: /home/aashini/ABN/install/robot/share/robot/worlds
[0.329s] -- Up-to-date: /home/aashini/ABN/install/robot/share/robot/worlds/empty.world
[0.329s] -- Up-to-date: /home/aashini/ABN/install/robot/share/ament_index/resource_index/package_run_dependencies/robot
[0.329s] -- Up-to-date: /home/aashini/ABN/install/robot/share/ament_index/resource_index/parent_prefix_path/robot
[0.329s] -- Up-to-date: /home/aashini/ABN/install/robot/share/robot/environment/ament_prefix_path.sh
[0.329s] -- Up-to-date: /home/aashini/ABN/install/robot/share/robot/environment/ament_prefix_path.dsv
[0.329s] -- Up-to-date: /home/aashini/ABN/install/robot/share/robot/environment/path.sh
[0.329s] -- Up-to-date: /home/aashini/ABN/install/robot/share/robot/environment/path.dsv
[0.329s] -- Up-to-date: /home/aashini/ABN/install/robot/share/robot/local_setup.bash
[0.329s] -- Up-to-date: /home/aashini/ABN/install/robot/share/robot/local_setup.sh
[0.329s] -- Up-to-date: /home/aashini/ABN/install/robot/share/robot/local_setup.zsh
[0.329s] -- Up-to-date: /home/aashini/ABN/install/robot/share/robot/local_setup.dsv
[0.329s] -- Up-to-date: /home/aashini/ABN/install/robot/share/robot/package.dsv
[0.330s] -- Up-to-date: /home/aashini/ABN/install/robot/share/ament_index/resource_index/packages/robot
[0.330s] -- Up-to-date: /home/aashini/ABN/install/robot/share/robot/cmake/robotConfig.cmake
[0.330s] -- Up-to-date: /home/aashini/ABN/install/robot/share/robot/cmake/robotConfig-version.cmake
[0.330s] -- Up-to-date: /home/aashini/ABN/install/robot/share/robot/package.xml
[0.330s] Invoked command in '/home/aashini/ABN/build/robot' returned '0': CMAKE_PREFIX_PATH=${CMAKE_PREFIX_PATH}:/opt/ros/foxy PS1=\[\e]0;\u@\h: \w\a\]${debian_chroot:+($debian_chroot)}\[\033[01;32m\]\u@\h\[\033[00m\]:\[\033[01;34m\]\w\[\033[00m\]\$ /usr/bin/cmake --install /home/aashini/ABN/build/robot
