-- The C compiler identification is GNU 9.4.0
-- The CXX compiler identification is GNU 9.4.0
-- Check for working C compiler: /usr/bin/cc
-- Check for working C compiler: /usr/bin/cc -- works
-- Detecting C compiler ABI info
-- Detecting C compiler ABI info - done
-- Detecting C compile features
-- Detecting C compile features - done
-- Check for working CXX compiler: /usr/bin/c++
-- Check for working CXX compiler: /usr/bin/c++ -- works
-- Detecting CXX compiler ABI info
-- Detecting CXX compiler ABI info - done
-- Detecting CXX compile features
-- Detecting CXX compile features - done
-- Found ament_cmake: 0.9.12 (/opt/ros/foxy/share/ament_cmake/cmake)
-- Found PythonInterp: /usr/bin/python3 (found suitable version "3.8.10", minimum required is "3") 
-- Using PYTHON_EXECUTABLE: /usr/bin/python3
-- Found rclpy: 1.0.13 (/opt/ros/foxy/share/rclpy/cmake)
-- Found xacro: 2.0.7 (/opt/ros/foxy/share/xacro/cmake)
-- Found ament_lint_auto: 0.9.8 (/opt/ros/foxy/share/ament_lint_auto/cmake)
-- Added test 'copyright' to check source files copyright and LICENSE
-- Added test 'flake8' to check Python code syntax and style conventions
-- Added test 'lint_cmake' to check CMake code style
-- Added test 'pep257' to check Python code against some of the style conventions in PEP 257
-- Added test 'xmllint' to check XML markup files
-- Configuring done
-- Generating done
-- Build files have been written to: /home/aashini/ABN/build/robot
-- Install configuration: ""
-- Installing: /home/aashini/ABN/install/robot/share/robot/launch
-- Installing: /home/aashini/ABN/install/robot/share/robot/launch/display.launch.py
-- Installing: /home/aashini/ABN/install/robot/share/robot/launch/install
-- Installing: /home/aashini/ABN/install/robot/share/robot/launch/install/local_setup.bash
-- Installing: /home/aashini/ABN/install/robot/share/robot/launch/install/local_setup.zsh
-- Installing: /home/aashini/ABN/install/robot/share/robot/launch/install/setup.sh
-- Installing: /home/aashini/ABN/install/robot/share/robot/launch/install/setup.zsh
-- Installing: /home/aashini/ABN/install/robot/share/robot/launch/install/COLCON_IGNORE
-- Installing: /home/aashini/ABN/install/robot/share/robot/launch/install/setup.ps1
-- Installing: /home/aashini/ABN/install/robot/share/robot/launch/install/local_setup.sh
-- Installing: /home/aashini/ABN/install/robot/share/robot/launch/install/_local_setup_util_ps1.py
-- Installing: /home/aashini/ABN/install/robot/share/robot/launch/install/_local_setup_util_sh.py
-- Installing: /home/aashini/ABN/install/robot/share/robot/launch/install/local_setup.ps1
-- Installing: /home/aashini/ABN/install/robot/share/robot/launch/install/.colcon_install_layout
-- Installing: /home/aashini/ABN/install/robot/share/robot/launch/install/setup.bash
-- Installing: /home/aashini/ABN/install/robot/share/robot/launch/gazebo_spawn.launch.py
-- Installing: /home/aashini/ABN/install/robot/share/robot/launch/gazebo_launch.py
-- Installing: /home/aashini/ABN/install/robot/share/robot/launch/build
-- Installing: /home/aashini/ABN/install/robot/share/robot/launch/build/COLCON_IGNORE
-- Installing: /home/aashini/ABN/install/robot/share/robot/launch/build/.built_by
-- Installing: /home/aashini/ABN/install/robot/share/robot/launch/log
-- Installing: /home/aashini/ABN/install/robot/share/robot/launch/log/COLCON_IGNORE
-- Installing: /home/aashini/ABN/install/robot/share/robot/launch/log/latest_build
-- Installing: /home/aashini/ABN/install/robot/share/robot/launch/log/build_2025-04-09_22-18-20
-- Installing: /home/aashini/ABN/install/robot/share/robot/launch/log/build_2025-04-09_22-18-20/logger_all.log
-- Installing: /home/aashini/ABN/install/robot/share/robot/launch/log/build_2025-04-09_22-18-20/events.log
-- Installing: /home/aashini/ABN/install/robot/share/robot/launch/log/latest
-- Installing: /home/aashini/ABN/install/robot/share/robot/launch/robot_visualization.py
-- Installing: /home/aashini/ABN/install/robot/share/robot/urdf
-- Installing: /home/aashini/ABN/install/robot/share/robot/urdf/robot.xacro
-- Installing: /home/aashini/ABN/install/robot/share/robot/urdf/base_robot.xacro
-- Installing: /home/aashini/ABN/install/robot/share/robot/urdf/abn_robot.urdf.xacro
-- Installing: /home/aashini/ABN/install/robot/share/robot/urdf/robot.sdf
-- Installing: /home/aashini/ABN/install/robot/share/robot/urdf/robot.urdf
-- Installing: /home/aashini/ABN/install/robot/share/robot/mesh
-- Installing: /home/aashini/ABN/install/robot/share/robot/mesh/hip.stl
-- Installing: /home/aashini/ABN/install/robot/share/robot/mesh/assets
-- Installing: /home/aashini/ABN/install/robot/share/robot/mesh/assets/part_19.part
-- Installing: /home/aashini/ABN/install/robot/share/robot/mesh/assets/part_6__2.part:Zone.Identifier
-- Installing: /home/aashini/ABN/install/robot/share/robot/mesh/assets/part_15.stl:Zone.Identifier
-- Installing: /home/aashini/ABN/install/robot/share/robot/mesh/assets/part_8.stl
-- Installing: /home/aashini/ABN/install/robot/share/robot/mesh/assets/part_1__4.part
-- Installing: /home/aashini/ABN/install/robot/share/robot/mesh/assets/part_3.part
-- Installing: /home/aashini/ABN/install/robot/share/robot/mesh/assets/part_3__4.stl:Zone.Identifier
-- Installing: /home/aashini/ABN/install/robot/share/robot/mesh/assets/part_4__3.stl
-- Installing: /home/aashini/ABN/install/robot/share/robot/mesh/assets/part_6.part:Zone.Identifier
-- Installing: /home/aashini/ABN/install/robot/share/robot/mesh/assets/part_2__2.stl:Zone.Identifier
-- Installing: /home/aashini/ABN/install/robot/share/robot/mesh/assets/part_12.part:Zone.Identifier
-- Installing: /home/aashini/ABN/install/robot/share/robot/mesh/assets/part_6.part
-- Installing: /home/aashini/ABN/install/robot/share/robot/mesh/assets/part_3__4.part:Zone.Identifier
-- Installing: /home/aashini/ABN/install/robot/share/robot/mesh/assets/part_10__2.part:Zone.Identifier
-- Installing: /home/aashini/ABN/install/robot/share/robot/mesh/assets/part_2__3.stl:Zone.Identifier
-- Installing: /home/aashini/ABN/install/robot/share/robot/mesh/assets/part_2__4.part
-- Installing: /home/aashini/ABN/install/robot/share/robot/mesh/assets/part_3__2.stl
-- Installing: /home/aashini/ABN/install/robot/share/robot/mesh/assets/part_3__3.part
-- Installing: /home/aashini/ABN/install/robot/share/robot/mesh/assets/part_3__2.part:Zone.Identifier
-- Installing: /home/aashini/ABN/install/robot/share/robot/mesh/assets/part_2__4.stl
-- Installing: /home/aashini/ABN/install/robot/share/robot/mesh/assets/part_1.stl
-- Installing: /home/aashini/ABN/install/robot/share/robot/mesh/assets/part_5.part:Zone.Identifier
-- Installing: /home/aashini/ABN/install/robot/share/robot/mesh/assets/part_17.stl:Zone.Identifier
-- Installing: /home/aashini/ABN/install/robot/share/robot/mesh/assets/part_8.part:Zone.Identifier
-- Installing: /home/aashini/ABN/install/robot/share/robot/mesh/assets/part_15.part:Zone.Identifier
-- Installing: /home/aashini/ABN/install/robot/share/robot/mesh/assets/part_6__2.part
-- Installing: /home/aashini/ABN/install/robot/share/robot/mesh/assets/part_11.part:Zone.Identifier
-- Installing: /home/aashini/ABN/install/robot/share/robot/mesh/assets/part_20.part:Zone.Identifier
-- Installing: /home/aashini/ABN/install/robot/share/robot/mesh/assets/part_9__2.part:Zone.Identifier
-- Installing: /home/aashini/ABN/install/robot/share/robot/mesh/assets/part_7.stl:Zone.Identifier
-- Installing: /home/aashini/ABN/install/robot/share/robot/mesh/assets/part_7.part
-- Installing: /home/aashini/ABN/install/robot/share/robot/mesh/assets/part_1__4.stl
-- Installing: /home/aashini/ABN/install/robot/share/robot/mesh/assets/part_11.stl:Zone.Identifier
-- Installing: /home/aashini/ABN/install/robot/share/robot/mesh/assets/part_10.part
-- Installing: /home/aashini/ABN/install/robot/share/robot/mesh/assets/part_19.stl:Zone.Identifier
-- Installing: /home/aashini/ABN/install/robot/share/robot/mesh/assets/part_1__2.stl:Zone.Identifier
-- Installing: /home/aashini/ABN/install/robot/share/robot/mesh/assets/part_9.part
-- Installing: /home/aashini/ABN/install/robot/share/robot/mesh/assets/part_5.part
-- Installing: /home/aashini/ABN/install/robot/share/robot/mesh/assets/part_10__2.stl
-- Installing: /home/aashini/ABN/install/robot/share/robot/mesh/assets/part_5__2.stl
-- Installing: /home/aashini/ABN/install/robot/share/robot/mesh/assets/part_9.stl:Zone.Identifier
-- Installing: /home/aashini/ABN/install/robot/share/robot/mesh/assets/part_8.stl:Zone.Identifier
-- Installing: /home/aashini/ABN/install/robot/share/robot/mesh/assets/part_7.stl
-- Installing: /home/aashini/ABN/install/robot/share/robot/mesh/assets/part_3.part:Zone.Identifier
-- Installing: /home/aashini/ABN/install/robot/share/robot/mesh/assets/part_3__2.stl:Zone.Identifier
-- Installing: /home/aashini/ABN/install/robot/share/robot/mesh/assets/part_5__2.part
-- Installing: /home/aashini/ABN/install/robot/share/robot/mesh/assets/part_13.part
-- Installing: /home/aashini/ABN/install/robot/share/robot/mesh/assets/part_2__4.stl:Zone.Identifier
-- Installing: /home/aashini/ABN/install/robot/share/robot/mesh/assets/part_1__4.part:Zone.Identifier
-- Installing: /home/aashini/ABN/install/robot/share/robot/mesh/assets/part_8__2.part
-- Installing: /home/aashini/ABN/install/robot/share/robot/mesh/assets/part_4__2.stl:Zone.Identifier
-- Installing: /home/aashini/ABN/install/robot/share/robot/mesh/assets/part_3.stl:Zone.Identifier
-- Installing: /home/aashini/ABN/install/robot/share/robot/mesh/assets/part_2.part:Zone.Identifier
-- Installing: /home/aashini/ABN/install/robot/share/robot/mesh/assets/part_13.part:Zone.Identifier
-- Installing: /home/aashini/ABN/install/robot/share/robot/mesh/assets/part_17.part
-- Installing: /home/aashini/ABN/install/robot/share/robot/mesh/assets/part_12.stl:Zone.Identifier
-- Installing: /home/aashini/ABN/install/robot/share/robot/mesh/assets/part_6.stl
-- Installing: /home/aashini/ABN/install/robot/share/robot/mesh/assets/part_9.part:Zone.Identifier
-- Installing: /home/aashini/ABN/install/robot/share/robot/mesh/assets/part_4.stl
-- Installing: /home/aashini/ABN/install/robot/share/robot/mesh/assets/part_10.stl
-- Installing: /home/aashini/ABN/install/robot/share/robot/mesh/assets/part_20.stl
-- Installing: /home/aashini/ABN/install/robot/share/robot/mesh/assets/part_4__3.part
-- Installing: /home/aashini/ABN/install/robot/share/robot/mesh/assets/part_6__2.stl
-- Installing: /home/aashini/ABN/install/robot/share/robot/mesh/assets/part_7.part:Zone.Identifier
-- Installing: /home/aashini/ABN/install/robot/share/robot/mesh/assets/part_9.stl
-- Installing: /home/aashini/ABN/install/robot/share/robot/mesh/assets/part_9__2.stl:Zone.Identifier
-- Installing: /home/aashini/ABN/install/robot/share/robot/mesh/assets/part_1__3.part:Zone.Identifier
-- Installing: /home/aashini/ABN/install/robot/share/robot/mesh/assets/part_4.part
-- Installing: /home/aashini/ABN/install/robot/share/robot/mesh/assets/part_1.part
-- Installing: /home/aashini/ABN/install/robot/share/robot/mesh/assets/part_18.stl
-- Installing: /home/aashini/ABN/install/robot/share/robot/mesh/assets/part_13.stl:Zone.Identifier
-- Installing: /home/aashini/ABN/install/robot/share/robot/mesh/assets/part_7__2.part
-- Installing: /home/aashini/ABN/install/robot/share/robot/mesh/assets/part_4__2.part:Zone.Identifier
-- Installing: /home/aashini/ABN/install/robot/share/robot/mesh/assets/part_1.stl:Zone.Identifier
-- Installing: /home/aashini/ABN/install/robot/share/robot/mesh/assets/part_1__2.part:Zone.Identifier
-- Installing: /home/aashini/ABN/install/robot/share/robot/mesh/assets/part_7__2.stl
-- Installing: /home/aashini/ABN/install/robot/share/robot/mesh/assets/part_8.part
-- Installing: /home/aashini/ABN/install/robot/share/robot/mesh/assets/part_4__3.stl:Zone.Identifier
-- Installing: /home/aashini/ABN/install/robot/share/robot/mesh/assets/part_10.stl:Zone.Identifier
-- Installing: /home/aashini/ABN/install/robot/share/robot/mesh/assets/part_3__3.stl
-- Installing: /home/aashini/ABN/install/robot/share/robot/mesh/assets/part_2__4.part:Zone.Identifier
-- Installing: /home/aashini/ABN/install/robot/share/robot/mesh/assets/part_8__2.stl:Zone.Identifier
-- Installing: /home/aashini/ABN/install/robot/share/robot/mesh/assets/part_3__2.part
-- Installing: /home/aashini/ABN/install/robot/share/robot/mesh/assets/part_13.stl
-- Installing: /home/aashini/ABN/install/robot/share/robot/mesh/assets/part_20.stl:Zone.Identifier
-- Installing: /home/aashini/ABN/install/robot/share/robot/mesh/assets/part_19.part:Zone.Identifier
-- Installing: /home/aashini/ABN/install/robot/share/robot/mesh/assets/part_19.stl
-- Installing: /home/aashini/ABN/install/robot/share/robot/mesh/assets/part_8__2.stl
-- Installing: /home/aashini/ABN/install/robot/share/robot/mesh/assets/part_17.part:Zone.Identifier
-- Installing: /home/aashini/ABN/install/robot/share/robot/mesh/assets/part_14.part
-- Installing: /home/aashini/ABN/install/robot/share/robot/mesh/assets/part_6.stl:Zone.Identifier
-- Installing: /home/aashini/ABN/install/robot/share/robot/mesh/assets/part_1__3.stl
-- Installing: /home/aashini/ABN/install/robot/share/robot/mesh/assets/part_4__2.part
-- Installing: /home/aashini/ABN/install/robot/share/robot/mesh/assets/part_2__2.part:Zone.Identifier
-- Installing: /home/aashini/ABN/install/robot/share/robot/mesh/assets/part_2__2.part
-- Installing: /home/aashini/ABN/install/robot/share/robot/mesh/assets/part_14.stl:Zone.Identifier
-- Installing: /home/aashini/ABN/install/robot/share/robot/mesh/assets/part_16.stl:Zone.Identifier
-- Installing: /home/aashini/ABN/install/robot/share/robot/mesh/assets/part_10__2.part
-- Installing: /home/aashini/ABN/install/robot/share/robot/mesh/assets/part_2__3.part:Zone.Identifier
-- Installing: /home/aashini/ABN/install/robot/share/robot/mesh/assets/part_2__3.stl
-- Installing: /home/aashini/ABN/install/robot/share/robot/mesh/assets/part_11.stl
-- Installing: /home/aashini/ABN/install/robot/share/robot/mesh/assets/part_14.part:Zone.Identifier
-- Installing: /home/aashini/ABN/install/robot/share/robot/mesh/assets/part_2__3.part
-- Installing: /home/aashini/ABN/install/robot/share/robot/mesh/assets/part_16.stl
-- Installing: /home/aashini/ABN/install/robot/share/robot/mesh/assets/part_5.stl
-- Installing: /home/aashini/ABN/install/robot/share/robot/mesh/assets/part_4__3.part:Zone.Identifier
-- Installing: /home/aashini/ABN/install/robot/share/robot/mesh/assets/part_1__2.part
-- Installing: /home/aashini/ABN/install/robot/share/robot/mesh/assets/part_1__3.stl:Zone.Identifier
-- Installing: /home/aashini/ABN/install/robot/share/robot/mesh/assets/part_6__2.stl:Zone.Identifier
-- Installing: /home/aashini/ABN/install/robot/share/robot/mesh/assets/part_3__3.part:Zone.Identifier
-- Installing: /home/aashini/ABN/install/robot/share/robot/mesh/assets/part_5__2.part:Zone.Identifier
-- Installing: /home/aashini/ABN/install/robot/share/robot/mesh/assets/part_16.part
-- Installing: /home/aashini/ABN/install/robot/share/robot/mesh/assets/part_18.part:Zone.Identifier
-- Installing: /home/aashini/ABN/install/robot/share/robot/mesh/assets/part_1__4.stl:Zone.Identifier
-- Installing: /home/aashini/ABN/install/robot/share/robot/mesh/assets/part_2.stl:Zone.Identifier
-- Installing: /home/aashini/ABN/install/robot/share/robot/mesh/assets/part_7__2.stl:Zone.Identifier
-- Installing: /home/aashini/ABN/install/robot/share/robot/mesh/assets/part_9__2.part
-- Installing: /home/aashini/ABN/install/robot/share/robot/mesh/assets/part_5__2.stl:Zone.Identifier
-- Installing: /home/aashini/ABN/install/robot/share/robot/mesh/assets/part_15.stl
-- Installing: /home/aashini/ABN/install/robot/share/robot/mesh/assets/part_7__2.part:Zone.Identifier
-- Installing: /home/aashini/ABN/install/robot/share/robot/mesh/assets/part_4.stl:Zone.Identifier
-- Installing: /home/aashini/ABN/install/robot/share/robot/mesh/assets/part_18.stl:Zone.Identifier
-- Installing: /home/aashini/ABN/install/robot/share/robot/mesh/assets/part_2.part
-- Installing: /home/aashini/ABN/install/robot/share/robot/mesh/assets/part_14.stl
-- Installing: /home/aashini/ABN/install/robot/share/robot/mesh/assets/part_20.part
-- Installing: /home/aashini/ABN/install/robot/share/robot/mesh/assets/part_11.part
-- Installing: /home/aashini/ABN/install/robot/share/robot/mesh/assets/part_1.part:Zone.Identifier
-- Installing: /home/aashini/ABN/install/robot/share/robot/mesh/assets/part_12.part
-- Installing: /home/aashini/ABN/install/robot/share/robot/mesh/assets/part_2__2.stl
-- Installing: /home/aashini/ABN/install/robot/share/robot/mesh/assets/part_4.part:Zone.Identifier
-- Installing: /home/aashini/ABN/install/robot/share/robot/mesh/assets/part_3__3.stl:Zone.Identifier
-- Installing: /home/aashini/ABN/install/robot/share/robot/mesh/assets/part_8__2.part:Zone.Identifier
-- Installing: /home/aashini/ABN/install/robot/share/robot/mesh/assets/part_10.part:Zone.Identifier
-- Installing: /home/aashini/ABN/install/robot/share/robot/mesh/assets/part_3__4.part
-- Installing: /home/aashini/ABN/install/robot/share/robot/mesh/assets/part_15.part
-- Installing: /home/aashini/ABN/install/robot/share/robot/mesh/assets/part_3__4.stl
-- Installing: /home/aashini/ABN/install/robot/share/robot/mesh/assets/part_16.part:Zone.Identifier
-- Installing: /home/aashini/ABN/install/robot/share/robot/mesh/assets/part_2.stl
-- Installing: /home/aashini/ABN/install/robot/share/robot/mesh/assets/part_1__2.stl
-- Installing: /home/aashini/ABN/install/robot/share/robot/mesh/assets/part_10__2.stl:Zone.Identifier
-- Installing: /home/aashini/ABN/install/robot/share/robot/mesh/assets/part_12.stl
-- Installing: /home/aashini/ABN/install/robot/share/robot/mesh/assets/part_17.stl
-- Installing: /home/aashini/ABN/install/robot/share/robot/mesh/assets/part_9__2.stl
-- Installing: /home/aashini/ABN/install/robot/share/robot/mesh/assets/part_5.stl:Zone.Identifier
-- Installing: /home/aashini/ABN/install/robot/share/robot/mesh/assets/part_18.part
-- Installing: /home/aashini/ABN/install/robot/share/robot/mesh/assets/part_4__2.stl
-- Installing: /home/aashini/ABN/install/robot/share/robot/mesh/assets/part_1__3.part
-- Installing: /home/aashini/ABN/install/robot/share/robot/mesh/assets/part_3.stl
-- Installing: /home/aashini/ABN/install/robot/share/robot/mesh/foot.stl
-- Installing: /home/aashini/ABN/install/robot/share/robot/mesh/thigh_r.stl
-- Installing: /home/aashini/ABN/install/robot/share/robot/mesh/base.stl
-- Installing: /home/aashini/ABN/install/robot/share/robot/mesh/thigh.stl
-- Installing: /home/aashini/ABN/install/robot/share/robot/mesh/log
-- Installing: /home/aashini/ABN/install/robot/share/robot/mesh/log/latest
-- Installing: /home/aashini/ABN/install/robot/share/robot/mesh/calf_r.stl
-- Installing: /home/aashini/ABN/install/robot/share/robot/mesh/base.step
-- Installing: /home/aashini/ABN/install/robot/share/robot/mesh/calf.stl
-- Installing: /home/aashini/ABN/install/robot/share/robot/dae
-- Installing: /home/aashini/ABN/install/robot/share/robot/dae/calf.dae
-- Installing: /home/aashini/ABN/install/robot/share/robot/dae/calf_mirror.dae
-- Installing: /home/aashini/ABN/install/robot/share/robot/dae/base.dae
-- Installing: /home/aashini/ABN/install/robot/share/robot/dae/foot.dae
-- Installing: /home/aashini/ABN/install/robot/share/robot/dae/hip.dae
-- Installing: /home/aashini/ABN/install/robot/share/robot/dae/thigh_mirror.dae
-- Installing: /home/aashini/ABN/install/robot/share/robot/dae/thigh.dae
-- Installing: /home/aashini/ABN/install/robot/share/ament_index/resource_index/package_run_dependencies/robot
-- Installing: /home/aashini/ABN/install/robot/share/ament_index/resource_index/parent_prefix_path/robot
-- Installing: /home/aashini/ABN/install/robot/share/robot/environment/ament_prefix_path.sh
-- Installing: /home/aashini/ABN/install/robot/share/robot/environment/ament_prefix_path.dsv
-- Installing: /home/aashini/ABN/install/robot/share/robot/environment/path.sh
-- Installing: /home/aashini/ABN/install/robot/share/robot/environment/path.dsv
-- Installing: /home/aashini/ABN/install/robot/share/robot/local_setup.bash
-- Installing: /home/aashini/ABN/install/robot/share/robot/local_setup.sh
-- Installing: /home/aashini/ABN/install/robot/share/robot/local_setup.zsh
-- Installing: /home/aashini/ABN/install/robot/share/robot/local_setup.dsv
-- Installing: /home/aashini/ABN/install/robot/share/robot/package.dsv
-- Installing: /home/aashini/ABN/install/robot/share/ament_index/resource_index/packages/robot
-- Installing: /home/aashini/ABN/install/robot/share/robot/cmake/robotConfig.cmake
-- Installing: /home/aashini/ABN/install/robot/share/robot/cmake/robotConfig-version.cmake
-- Installing: /home/aashini/ABN/install/robot/share/robot/package.xml
